MPASM  5.43                          MAIN.ASM   2-14-2024  15:24:39         PAGE  1


LOC  OBJECT CODE     LINE SOURCE TEXT
  VALUE

                      00001                 PROCESSOR 16F877A
                      00002 ;       Clock = XT 4MHz, standard fuse settings
2007   3731           00003         __CONFIG 0x3731
                      00004 
                      00005 ;       LABEL EQUATES   ;;;;;;;;;;;;;;;;;;;;;;;;;;;;;;;;;;;
                      00006 
                      00007         #INCLUDE "P16F877A.INC"         ; standard labels 
                      00001         LIST
                      00002 ; P16F877A.INC  Standard Header File, Version 1.00    Microchip Technology, Inc.
                      00398         LIST
                      00008 ;;;;;;;;;;;;;;;;;;;;;;;;;;;;;;;
                      00009 ;       
                      00010 
                      00011         cblock 0x25
                      00012 
                      00013  
  00000025            00014 COUNT
  00000026            00015 value_one
  00000027            00016 d22
  00000028            00017 RESULT_HIGH  
  00000029            00018 RESULT_LOW  
                      00019         endc
                      00020 ;;;;;; PROGRAM BEGINS ;;;;;;;
                      00021 
0000                  00022         ORG     0               ; Default start address 
0000   2807           00023         GOTO start 
                      00024 ;Inerupt service routine
0001                  00025 ISR
0004                  00026         ORG 004
0004   138B           00027         BCF INTCON,7 ;clear GIE to deny other interupt
0005   10F4           00028         BCF     Select,RS       ; set display command mode
Warning[203]: Found opcode in column 1. (RETFIE)
0006   0009           00029 RETFIE
0007                  00030 start
                      00031         ;;;;;;;;;;;;;;;;;;;;;;;;;;;;;;;;;;;;;;;
0007   3000           00032     MOVLW 0
0008   00A6           00033         MOVWF value_one
0009   00A7           00034         MOVWF d22
000A   3001           00035         MOVLW 1
                      00036 
                      00037         ;some config. for Master and co-prosser
Warning[207]: Found label after column 1. (DATA_OUT)
  00000007            00038     DATA_OUT equ PORTC     ; PortC for data transfer
Warning[207]: Found label after column 1. (DATA_IN)
  00000007            00039     DATA_IN equ PORTC      ; PortC for data transfer
                      00040  
000B   01A5           00041         CLRF   COUNT
000C   01A6           00042         CLRF    value_one
000D   01A7           00043         CLRF    d22
000E   01A8           00044         CLRF    RESULT_HIGH  
000F   01A9           00045         CLRF    RESULT_LOW
                      00046  
0010                  00047 main_loop
MPASM  5.43                          MAIN.ASM   2-14-2024  15:24:39         PAGE  2


LOC  OBJECT CODE     LINE SOURCE TEXT
  VALUE

                      00048    
                      00049 
                      00050     ; Step 1: Receive the first number (tenth and unit parts) from the master CPU
0010   2027           00051     call receive_first_number_from_master
                      00052 
                      00053     ; Step 2: Receive the second number (ones part) and multiply
0011   202C           00054     call receive_second_number_from_master
                      00055    
                      00056     ; Step 3: multiplication 
0012   2019           00057     call MultiplicationOp
                      00058 
                      00059     ; Step 4: Send most_significant_digits back to the master CPU
0013   2031           00060     call send_most_significant_digits_to_master
                      00061     ; Step 5: send the least significant digit to the master CPU
0014   2036           00062     call send_least_significant_digit_to_master
                      00063     ; Optionally, introduce a delay or other logic between iterations
                      00064     ; For example, you might want to wait for a button press to restart the loop
                      00065 
0015   2810           00066     goto main_loop  ; Repeat the main loop
                      00067    
                      00068 
                      00069 
                      00070 ; Subroutine to wait for the master CPU to set the data ready flag
0016                  00071 wait_for_master_data
0016   1D87           00072     btfss DATA_IN, 3    ; Check if the data ready flag is set by master CPU
0017   2816           00073     goto wait_for_master_data
0018   0008           00074     return
                      00075 
                      00076 ;===================Multiplication ===========================
                      00077  
                      00078 
0019                  00079 MultiplicationOp
0019   01A8           00080         CLRF    RESULT_HIGH  
001A   01A9           00081         CLRF    RESULT_LOW  
001B   3008           00082         MOVLW   D'8'
001C   00A5           00083         MOVWF   COUNT
                      00084         
001D   0826           00085         MOVF    value_one , W
001E   1003           00086         BCF             STATUS, C
                      00087 
001F                  00088 MultiplicationOp_LOOP
001F   0CA7           00089         RRF             d22, F
0020   1803           00090         BTFSC   STATUS, C
0021   07A8           00091         ADDWF   RESULT_HIGH , F
0022   0CA9           00092         RRF             RESULT_LOW  , F
0023   0CA9           00093         RRF             RESULT_LOW  , F
0024   0BA5           00094         DECFSZ  COUNT, F  
0025   281F           00095         GOTO    MultiplicationOp_LOOP
                      00096 
0026   0008           00097         RETURN
                      00098 ;=================================================================
                      00099  
                      00100 
MPASM  5.43                          MAIN.ASM   2-14-2024  15:24:39         PAGE  3


LOC  OBJECT CODE     LINE SOURCE TEXT
  VALUE

                      00101 
                      00102 ; Subroutine to receive the first number from the master CPU
0027                  00103 receive_first_number_from_master
                      00104     ; Wait for the master CPU to set the data ready flag
0027   2016           00105     call wait_for_master_data
                      00106 
                      00107     ; Read the first number from the master CPU
0028   0807           00108     movf DATA_IN, W
0029   00A6           00109     movwf value_one
                      00110 
                      00111     ; Clear the data ready flag
002A   1187           00112     bcf DATA_IN, 3
                      00113 
002B   0008           00114  return
                      00115 
                      00116 ; Subroutine to receive the second number from the master CPU
Warning[208]: Label truncated at 32 characters. (receive_second_number_from_master)
002C                  00117 receive_second_number_from_master
                      00118     ; Wait for the master CPU to set the data ready flag
002C   2016           00119     call wait_for_master_data
                      00120 
                      00121     ; Read the second number from the master CPU
002D   0807           00122     movf DATA_IN, W
002E   00A7           00123     movwf d22
                      00124 
                      00125     ; Clear the data ready flag
002F   1187           00126     bcf DATA_IN, 3
                      00127 
0030   0008           00128     return
                      00129 
                      00130 ;=================================================================
                      00131 ; Subroutine to send the most significant digits to the master CPU
Warning[208]: Label truncated at 32 characters. (send_most_significant_digits_to_master)
0031                  00132 send_most_significant_digits_to_master
                      00133    ; Send the most significant digit to the master CPU
0031   0828           00134    movf RESULT_HIGH , W
                      00135    
0032   0087           00136     movwf DATA_OUT
0033   1587           00137     bsf DATA_OUT, 3     ; Set the data ready flag
0034   1187           00138     bcf DATA_OUT, 3     ; Clear the data ready flag
0035   0008           00139     return
                      00140 ;=====================================================================
                      00141 ; Subroutine to send the least significant digit to the master CPU
Warning[208]: Label truncated at 32 characters. (send_least_significant_digit_to_master)
0036                  00142 send_least_significant_digit_to_master 
                      00143  ; Send the least significant digit to the master CPU
0036   0829           00144     movf RESULT_LOW, W
                      00145   
0037   0087           00146     movwf DATA_OUT
0038   1587           00147     bsf DATA_OUT, 3     ; Set the data ready flag
0039   1187           00148     bcf DATA_OUT, 3     ; Clear the data ready flag
003A   0008           00149     return
                      00150 ;========================================================================
MPASM  5.43                          MAIN.ASM   2-14-2024  15:24:39         PAGE  4


LOC  OBJECT CODE     LINE SOURCE TEXT
  VALUE

                      00151  
                      00152  
                      00153 
                      00154         #INCLUDE "LCDIS.INC"
                      00001 ;       LCDIS.INC               MPB     19-12-05
                      00002 ;
                      00003 ;       Include file to operate 16x2 LCD display
                      00004 ;       Uses GPR 70 - 75
                      00005 ;       
                      00006 ;       Final version
                      00007 ;-------------------------------------------------------------------------------------------
                      00008 
  00000070            00009 Timer1  EQU     70              ; 1ms count register
  00000071            00010 TimerX  EQU     71              ; Xms count register
  00000072            00011 Var     EQU     72              ; Output variable
  00000073            00012 Point   EQU     73              ; Program table pointer
  00000074            00013 Select  EQU     74              ; Used to set or clear RS bit
  00000075            00014 OutCod  EQU     75              ; Temp store for output code
                      00015 
  00000001            00016 RS      EQU     1               ; Register select output bit
  00000002            00017 E       EQU     2               ; Enable output clocks display input
                      00018 
                      00019 
                      00020 ;--------------------------------------------------------------------------------------------   
                      00021 ;       1ms delay with 1us cycle time (1000 cycles)
                      00022 ;--------------------------------------------------------------------------------------------   
003B   30F9           00023 onems   MOVLW   D'249'          ; Count for 1ms delay 
003C   00F0           00024         MOVWF   Timer1          ; Load count
003D   0000           00025 loop1   NOP                     ; Pad for 4 cycle loop
Message[305]: Using default destination of 1 (file).
003E   0BF0           00026         DECFSZ  Timer1          ; Count
003F   283D           00027         GOTO    loop1           ; until Z
0040   0008           00028         RETURN                  ; and finish
                      00029 
                      00030 ;---------------------------------------------------------------------------------------------  
                      00031 ;       Delay Xms
                      00032 ;       Receives count in W, uses Onems
                      00033 ;---------------------------------------------------------------------------------------------  
0041   00F1           00034 xms     MOVWF   TimerX          ; Count for X ms
0042   203B           00035 loopX   CALL    onems           ; Delay 1ms
Message[305]: Using default destination of 1 (file).
0043   0BF1           00036         DECFSZ  TimerX          ; Repeat X times 
0044   2842           00037         GOTO    loopX           ; until Z
0045   0008           00038         RETURN                  ; and finish
                      00039 
                      00040 ;---------------------------------------------------------------------------------------------  
                      00041 ;       Generate data/command clock siganl E
                      00042 ;---------------------------------------------------------------------------------------------  
0046   1508           00043 pulseE  BSF     PORTD,E         ; Set E high
0047   203B           00044         CALL    onems           ; Delay 1ms
0048   1108           00045         BCF     PORTD,E         ; Reset E low
0049   203B           00046         CALL    onems           ; Delay 1ms
004A   0008           00047         RETURN                  ; done
MPASM  5.43                          MAIN.ASM   2-14-2024  15:24:39         PAGE  5


LOC  OBJECT CODE     LINE SOURCE TEXT
  VALUE

                      00048 
                      00049 ;---------------------------------------------------------------------------------------------  
                      00050 ;       Send a command byte in two nibbles from RB4 - RB7
                      00051 ;       Receives command in W, uses PulseE and Onems
                      00052 ;---------------------------------------------------------------------------------------------  
004B   00F5           00053 send    MOVWF   OutCod          ; Store output code
004C   39F0           00054         ANDLW   0F0             ; Clear low nybble
004D   0088           00055         MOVWF   PORTD           ; Output high nybble
004E   18F4           00056         BTFSC   Select,RS       ; Test RS bit
004F   1488           00057         BSF     PORTD,RS        ; and set for data
0050   2046           00058         CALL    pulseE          ; and clock display register
0051   203B           00059         CALL    onems           ; wait 1ms for display to complete
                      00060 
Message[305]: Using default destination of 1 (file).
0052   0EF5           00061         SWAPF   OutCod          ; Swap low and high nybbles 
0053   0875           00062         MOVF    OutCod,W        ; Retrieve output code
0054   39F0           00063         ANDLW   0F0             ; Clear low nybble
0055   0088           00064         MOVWF   PORTD           ; Output low nybble
0056   18F4           00065         BTFSC   Select,RS       ; Test RS bit
0057   1488           00066         BSF     PORTD,RS        ; and set for data
0058   2046           00067         CALL    pulseE          ; and clock display register
0059   203B           00068         CALL    onems           ; wait 1ms for display to complete
005A   0008           00069         RETURN                  ; done
                      00070 
                      00071 ;---------------------------------------------------------------------------------------------  
                      00072 ;       Initialise the display
                      00073 ;       Uses Send
                      00074 ;---------------------------------------------------------------------------------------------  
005B   3064           00075 inid    MOVLW   D'100'          ; Load count for 100ms delay
005C   2041           00076         CALL    xms             ; and wait for display start
005D   30F0           00077         MOVLW   0F0             ; Mask for select code
005E   00F4           00078         MOVWF   Select          ; High nybble not masked
                      00079 
005F   3030           00080         MOVLW   0x30            ; Load initial nibble
0060   0088           00081         MOVWF   PORTD           ; and output it to display
0061   2046           00082         CALL    pulseE          ; Latch initial code
0062   3005           00083         MOVLW   D'5'            ; Set delay 5ms
0063   2041           00084         CALL    xms             ; and wait
0064   2046           00085         CALL    pulseE          ; Latch initial code again
0065   203B           00086         CALL    onems           ; Wait 1ms
0066   2046           00087         CALL    pulseE          ; Latch initial code again
0067   1208           00088         BCF     PORTD,4         ; Set 4-bit mode
0068   2046           00089         CALL    pulseE          ; Latch it
                      00090         
0069   3028           00091         MOVLW   0x28            ; Set 4-bit mode, 2 lines
006A   204B           00092         CALL    send            ; and send code
006B   3008           00093         MOVLW   0x08            ; Switch off display
006C   204B           00094         CALL    send            ; and send code
006D   3001           00095         MOVLW   0x01            ; Code to clear display
006E   204B           00096         CALL    send            ; and send code
006F   3006           00097         MOVLW   0x06            ; Enable cursor auto inc  
0070   204B           00098         CALL    send            ; and send code
0071   3080           00099         MOVLW   0x80            ; Zero display address
MPASM  5.43                          MAIN.ASM   2-14-2024  15:24:39         PAGE  6


LOC  OBJECT CODE     LINE SOURCE TEXT
  VALUE

0072   204B           00100         CALL    send            ; and send code
0073   300C           00101         MOVLW   0x0C            ; Turn on display  
0074   204B           00102         CALL    send            ; and send code
                      00103 
0075   0008           00104         RETURN                  ; Done
                      00105         
                      00155 
0076                  00156 finl
                      00157         END     ;;;;;;;;;;;;;;;;;;;;;;;;;;;;;;;;;;;;;;;;;;;
MPASM  5.43                          MAIN.ASM   2-14-2024  15:24:39         PAGE  7


SYMBOL TABLE
  LABEL                             VALUE 

ACKDT                             00000005
ACKEN                             00000004
ACKSTAT                           00000006
ADCON0                            0000001F
ADCON1                            0000009F
ADCS0                             00000006
ADCS1                             00000007
ADDEN                             00000003
ADFM                              00000007
ADIE                              00000006
ADIF                              00000006
ADON                              00000000
ADRESH                            0000001E
ADRESL                            0000009E
BCLIE                             00000003
BCLIF                             00000003
BF                                00000000
BRGH                              00000002
C                                 00000000
C1INV                             00000004
C1OUT                             00000006
C2INV                             00000005
C2OUT                             00000007
CCP1CON                           00000017
CCP1IE                            00000002
CCP1IF                            00000002
CCP1M0                            00000000
CCP1M1                            00000001
CCP1M2                            00000002
CCP1M3                            00000003
CCP1X                             00000005
CCP1Y                             00000004
CCP2CON                           0000001D
CCP2IE                            00000000
CCP2IF                            00000000
CCP2M0                            00000000
CCP2M1                            00000001
CCP2M2                            00000002
CCP2M3                            00000003
CCP2X                             00000005
CCP2Y                             00000004
CCPR1H                            00000016
CCPR1L                            00000015
CCPR2H                            0000001C
CCPR2L                            0000001B
CHS0                              00000003
CHS1                              00000004
CHS2                              00000005
CIS                               00000003
CKE                               00000006
CKP                               00000004
CM0                               00000000
CM1                               00000001
MPASM  5.43                          MAIN.ASM   2-14-2024  15:24:39         PAGE  8


SYMBOL TABLE
  LABEL                             VALUE 

CM2                               00000002
CMCON                             0000009C
CMIE                              00000006
CMIF                              00000006
COUNT                             00000025
CREN                              00000004
CSRC                              00000007
CVR0                              00000000
CVR1                              00000001
CVR2                              00000002
CVR3                              00000003
CVRCON                            0000009D
CVREN                             00000007
CVROE                             00000006
CVRR                              00000005
D                                 00000005
DATA_ADDRESS                      00000005
DATA_IN                           00000007
DATA_OUT                          00000007
DC                                00000001
D_A                               00000005
E                                 00000002
EEADR                             0000010D
EEADRH                            0000010F
EECON1                            0000018C
EECON2                            0000018D
EEDATA                            0000010C
EEDATH                            0000010E
EEIE                              00000004
EEIF                              00000004
EEPGD                             00000007
F                                 00000001
FERR                              00000002
FSR                               00000004
GCEN                              00000007
GIE                               00000007
GO                                00000002
GO_DONE                           00000002
I2C_DATA                          00000005
I2C_READ                          00000002
I2C_START                         00000003
I2C_STOP                          00000004
IBF                               00000007
IBOV                              00000005
INDF                              00000000
INTCON                            0000000B
INTE                              00000004
INTEDG                            00000006
INTF                              00000001
IRP                               00000007
ISR                               00000001
MultiplicationOp                  00000019
MultiplicationOp_LOOP             0000001F
MPASM  5.43                          MAIN.ASM   2-14-2024  15:24:39         PAGE  9


SYMBOL TABLE
  LABEL                             VALUE 

NOT_A                             00000005
NOT_ADDRESS                       00000005
NOT_BO                            00000000
NOT_BOR                           00000000
NOT_DONE                          00000002
NOT_PD                            00000003
NOT_POR                           00000001
NOT_RBPU                          00000007
NOT_RC8                           00000006
NOT_T1SYNC                        00000002
NOT_TO                            00000004
NOT_TX8                           00000006
NOT_W                             00000002
NOT_WRITE                         00000002
OBF                               00000006
OERR                              00000001
OPTION_REG                        00000081
OutCod                            00000075
P                                 00000004
PCFG0                             00000000
PCFG1                             00000001
PCFG2                             00000002
PCFG3                             00000003
PCL                               00000002
PCLATH                            0000000A
PCON                              0000008E
PEIE                              00000006
PEN                               00000002
PIE1                              0000008C
PIE2                              0000008D
PIR1                              0000000C
PIR2                              0000000D
PORTA                             00000005
PORTB                             00000006
PORTC                             00000007
PORTD                             00000008
PORTE                             00000009
PR2                               00000092
PS0                               00000000
PS1                               00000001
PS2                               00000002
PSA                               00000003
PSPIE                             00000007
PSPIF                             00000007
PSPMODE                           00000004
Point                             00000073
R                                 00000002
RBIE                              00000003
RBIF                              00000000
RC8_9                             00000006
RC9                               00000006
RCD8                              00000000
RCEN                              00000003
MPASM  5.43                          MAIN.ASM   2-14-2024  15:24:39         PAGE 10


SYMBOL TABLE
  LABEL                             VALUE 

RCIE                              00000005
RCIF                              00000005
RCREG                             0000001A
RCSTA                             00000018
RD                                00000000
READ_WRITE                        00000002
RESULT_HIGH                       00000028
RESULT_LOW                        00000029
RP0                               00000005
RP1                               00000006
RS                                00000001
RSEN                              00000001
RX9                               00000006
RX9D                              00000000
R_W                               00000002
S                                 00000003
SEN                               00000000
SMP                               00000007
SPBRG                             00000099
SPEN                              00000007
SREN                              00000005
SSPADD                            00000093
SSPBUF                            00000013
SSPCON                            00000014
SSPCON2                           00000091
SSPEN                             00000005
SSPIE                             00000003
SSPIF                             00000003
SSPM0                             00000000
SSPM1                             00000001
SSPM2                             00000002
SSPM3                             00000003
SSPOV                             00000006
SSPSTAT                           00000094
STATUS                            00000003
SYNC                              00000004
Select                            00000074
T0CS                              00000005
T0IE                              00000005
T0IF                              00000002
T0SE                              00000004
T1CKPS0                           00000004
T1CKPS1                           00000005
T1CON                             00000010
T1INSYNC                          00000002
T1OSCEN                           00000003
T1SYNC                            00000002
T2CKPS0                           00000000
T2CKPS1                           00000001
T2CON                             00000012
TMR0                              00000001
TMR0IE                            00000005
TMR0IF                            00000002
MPASM  5.43                          MAIN.ASM   2-14-2024  15:24:39         PAGE 11


SYMBOL TABLE
  LABEL                             VALUE 

TMR1CS                            00000001
TMR1H                             0000000F
TMR1IE                            00000000
TMR1IF                            00000000
TMR1L                             0000000E
TMR1ON                            00000000
TMR2                              00000011
TMR2IE                            00000001
TMR2IF                            00000001
TMR2ON                            00000002
TOUTPS0                           00000003
TOUTPS1                           00000004
TOUTPS2                           00000005
TOUTPS3                           00000006
TRISA                             00000085
TRISB                             00000086
TRISC                             00000087
TRISD                             00000088
TRISE                             00000089
TRISE0                            00000000
TRISE1                            00000001
TRISE2                            00000002
TRMT                              00000001
TX8_9                             00000006
TX9                               00000006
TX9D                              00000000
TXD8                              00000000
TXEN                              00000005
TXIE                              00000004
TXIF                              00000004
TXREG                             00000019
TXSTA                             00000098
Timer1                            00000070
TimerX                            00000071
UA                                00000001
Var                               00000072
W                                 00000000
WCOL                              00000007
WR                                00000001
WREN                              00000002
WRERR                             00000003
Z                                 00000002
_BODEN_OFF                        00003FBF
_BODEN_ON                         00003FFF
_CPD_OFF                          00003FFF
_CPD_ON                           00003EFF
_CP_ALL                           00001FFF
_CP_OFF                           00003FFF
_DEBUG_OFF                        00003FFF
_DEBUG_ON                         000037FF
_HS_OSC                           00003FFE
_LP_OSC                           00003FFC
_LVP_OFF                          00003F7F
MPASM  5.43                          MAIN.ASM   2-14-2024  15:24:39         PAGE 12


SYMBOL TABLE
  LABEL                             VALUE 

_LVP_ON                           00003FFF
_PWRTE_OFF                        00003FFF
_PWRTE_ON                         00003FF7
_RC_OSC                           00003FFF
_WDT_OFF                          00003FFB
_WDT_ON                           00003FFF
_WRT_1FOURTH                      00003BFF
_WRT_256                          00003DFF
_WRT_HALF                         000039FF
_WRT_OFF                          00003FFF
_XT_OSC                           00003FFD
__16F877A                         00000001
__DEBUG                           1
d22                               00000027
finl                              00000076
inid                              0000005B
loop1                             0000003D
loopX                             00000042
main_loop                         00000010
onems                             0000003B
pulseE                            00000046
receive_first_number_from_master  00000027
receive_second_number_from_maste  0000002C
send                              0000004B
send_least_significant_digit_to_  00000036
send_most_significant_digits_to_  00000031
start                             00000007
value_one                         00000026
wait_for_master_data              00000016
xms                               00000041


MEMORY USAGE MAP ('X' = Used,  '-' = Unused)

0000 : X---XXXXXXXXXXXX XXXXXXXXXXXXXXXX XXXXXXXXXXXXXXXX XXXXXXXXXXXXXXXX
0040 : XXXXXXXXXXXXXXXX XXXXXXXXXXXXXXXX XXXXXXXXXXXXXXXX XXXXXX----------
2000 : -------X-------- ---------------- ---------------- ----------------

All other memory blocks unused.

Program Memory Words Used:   115
Program Memory Words Free:  8077


Errors   :     0
Warnings :     6 reported,     0 suppressed
Messages :     3 reported,     0 suppressed

