Warning[205] C:\USERS\DELL\DESKTOP\UNIVERSITY\LASTSUMMESTER\FINALREAL\MASTER\FIRST.ASM 27 : Found directive in column 1. (cblock)
Warning[205] C:\USERS\DELL\DESKTOP\UNIVERSITY\LASTSUMMESTER\FINALREAL\MASTER\FIRST.ASM 63 : Found directive in column 1. (ENDC)
Warning[207] C:\USERS\DELL\DESKTOP\UNIVERSITY\LASTSUMMESTER\FINALREAL\MASTER\FIRST.ASM 122 : Found label after column 1. (tens1)
Warning[207] C:\USERS\DELL\DESKTOP\UNIVERSITY\LASTSUMMESTER\FINALREAL\MASTER\FIRST.ASM 129 : Found label after column 1. (RBO_INTR)
Message[305] C:\USERS\DELL\DESKTOP\UNIVERSITY\LASTSUMMESTER\FINALREAL\MASTER\FIRST.ASM 130 : Using default destination of 1 (file).
Warning[207] C:\USERS\DELL\DESKTOP\UNIVERSITY\LASTSUMMESTER\FINALREAL\MASTER\FIRST.ASM 136 : Found label after column 1. (zero_tenthous)
Warning[207] C:\USERS\DELL\DESKTOP\UNIVERSITY\LASTSUMMESTER\FINALREAL\MASTER\FIRST.ASM 139 : Found label after column 1. (TM0_INT)
Message[305] C:\USERS\DELL\DESKTOP\UNIVERSITY\LASTSUMMESTER\FINALREAL\MASTER\FIRST.ASM 140 : Using default destination of 1 (file).
Warning[207] C:\USERS\DELL\DESKTOP\UNIVERSITY\LASTSUMMESTER\FINALREAL\MASTER\FIRST.ASM 146 : Found label after column 1. (dis_TM0)
Message[305] C:\USERS\DELL\DESKTOP\UNIVERSITY\LASTSUMMESTER\FINALREAL\MASTER\FIRST.ASM 149 : Using default destination of 1 (file).
Warning[207] C:\USERS\DELL\DESKTOP\UNIVERSITY\LASTSUMMESTER\FINALREAL\MASTER\FIRST.ASM 157 : Found label after column 1. (dis_RB0)
Warning[207] C:\USERS\DELL\DESKTOP\UNIVERSITY\LASTSUMMESTER\FINALREAL\MASTER\FIRST.ASM 165 : Found label after column 1. (ones1)
Warning[207] C:\USERS\DELL\DESKTOP\UNIVERSITY\LASTSUMMESTER\FINALREAL\MASTER\FIRST.ASM 171 : Found label after column 1. (RBO_INTR1)
Message[305] C:\USERS\DELL\DESKTOP\UNIVERSITY\LASTSUMMESTER\FINALREAL\MASTER\FIRST.ASM 172 : Using default destination of 1 (file).
Warning[207] C:\USERS\DELL\DESKTOP\UNIVERSITY\LASTSUMMESTER\FINALREAL\MASTER\FIRST.ASM 182 : Found label after column 1. (rolling_9_0)
Warning[207] C:\USERS\DELL\DESKTOP\UNIVERSITY\LASTSUMMESTER\FINALREAL\MASTER\FIRST.ASM 187 : Found label after column 1. (zero)
Warning[207] C:\USERS\DELL\DESKTOP\UNIVERSITY\LASTSUMMESTER\FINALREAL\MASTER\FIRST.ASM 190 : Found label after column 1. (TM0_INT1)
Message[305] C:\USERS\DELL\DESKTOP\UNIVERSITY\LASTSUMMESTER\FINALREAL\MASTER\FIRST.ASM 191 : Using default destination of 1 (file).
Warning[207] C:\USERS\DELL\DESKTOP\UNIVERSITY\LASTSUMMESTER\FINALREAL\MASTER\FIRST.ASM 197 : Found label after column 1. (dis_TM01)
Message[305] C:\USERS\DELL\DESKTOP\UNIVERSITY\LASTSUMMESTER\FINALREAL\MASTER\FIRST.ASM 199 : Using default destination of 1 (file).
Warning[207] C:\USERS\DELL\DESKTOP\UNIVERSITY\LASTSUMMESTER\FINALREAL\MASTER\FIRST.ASM 206 : Found label after column 1. (dis_RB01)
Warning[207] C:\USERS\DELL\DESKTOP\UNIVERSITY\LASTSUMMESTER\FINALREAL\MASTER\FIRST.ASM 232 : Found label after column 1. (tens2)
Warning[207] C:\USERS\DELL\DESKTOP\UNIVERSITY\LASTSUMMESTER\FINALREAL\MASTER\FIRST.ASM 239 : Found label after column 1. (RBO_INTR7)
Message[305] C:\USERS\DELL\DESKTOP\UNIVERSITY\LASTSUMMESTER\FINALREAL\MASTER\FIRST.ASM 240 : Using default destination of 1 (file).
Warning[207] C:\USERS\DELL\DESKTOP\UNIVERSITY\LASTSUMMESTER\FINALREAL\MASTER\FIRST.ASM 246 : Found label after column 1. (zero2)
Warning[207] C:\USERS\DELL\DESKTOP\UNIVERSITY\LASTSUMMESTER\FINALREAL\MASTER\FIRST.ASM 249 : Found label after column 1. (TM0_INT7)
Message[305] C:\USERS\DELL\DESKTOP\UNIVERSITY\LASTSUMMESTER\FINALREAL\MASTER\FIRST.ASM 250 : Using default destination of 1 (file).
Warning[207] C:\USERS\DELL\DESKTOP\UNIVERSITY\LASTSUMMESTER\FINALREAL\MASTER\FIRST.ASM 256 : Found label after column 1. (dis_TM07)
Message[305] C:\USERS\DELL\DESKTOP\UNIVERSITY\LASTSUMMESTER\FINALREAL\MASTER\FIRST.ASM 259 : Using default destination of 1 (file).
Warning[207] C:\USERS\DELL\DESKTOP\UNIVERSITY\LASTSUMMESTER\FINALREAL\MASTER\FIRST.ASM 267 : Found label after column 1. (dis_RB07)
Warning[207] C:\USERS\DELL\DESKTOP\UNIVERSITY\LASTSUMMESTER\FINALREAL\MASTER\FIRST.ASM 275 : Found label after column 1. (ones2)
Warning[207] C:\USERS\DELL\DESKTOP\UNIVERSITY\LASTSUMMESTER\FINALREAL\MASTER\FIRST.ASM 281 : Found label after column 1. (RBO_INTR8)
Message[305] C:\USERS\DELL\DESKTOP\UNIVERSITY\LASTSUMMESTER\FINALREAL\MASTER\FIRST.ASM 282 : Using default destination of 1 (file).
Warning[207] C:\USERS\DELL\DESKTOP\UNIVERSITY\LASTSUMMESTER\FINALREAL\MASTER\FIRST.ASM 292 : Found label after column 1. (rolling1_9_0)
Warning[207] C:\USERS\DELL\DESKTOP\UNIVERSITY\LASTSUMMESTER\FINALREAL\MASTER\FIRST.ASM 297 : Found label after column 1. (zero_2)
Warning[207] C:\USERS\DELL\DESKTOP\UNIVERSITY\LASTSUMMESTER\FINALREAL\MASTER\FIRST.ASM 300 : Found label after column 1. (TM0_INT8)
Message[305] C:\USERS\DELL\DESKTOP\UNIVERSITY\LASTSUMMESTER\FINALREAL\MASTER\FIRST.ASM 301 : Using default destination of 1 (file).
Warning[207] C:\USERS\DELL\DESKTOP\UNIVERSITY\LASTSUMMESTER\FINALREAL\MASTER\FIRST.ASM 307 : Found label after column 1. (dis_TM08)
Message[305] C:\USERS\DELL\DESKTOP\UNIVERSITY\LASTSUMMESTER\FINALREAL\MASTER\FIRST.ASM 309 : Using default destination of 1 (file).
Warning[207] C:\USERS\DELL\DESKTOP\UNIVERSITY\LASTSUMMESTER\FINALREAL\MASTER\FIRST.ASM 316 : Found label after column 1. (dis_RB08)
Warning[203] C:\USERS\DELL\DESKTOP\UNIVERSITY\LASTSUMMESTER\FINALREAL\MASTER\FIRST.ASM 355 : Found opcode in column 1. (return)
Warning[203] C:\USERS\DELL\DESKTOP\UNIVERSITY\LASTSUMMESTER\FINALREAL\MASTER\FIRST.ASM 365 : Found opcode in column 1. (RETFIE)
Warning[207] C:\USERS\DELL\DESKTOP\UNIVERSITY\LASTSUMMESTER\FINALREAL\MASTER\FIRST.ASM 387 : Found label after column 1. (DATA_OUT)
Warning[207] C:\USERS\DELL\DESKTOP\UNIVERSITY\LASTSUMMESTER\FINALREAL\MASTER\FIRST.ASM 388 : Found label after column 1. (DATA_IN)
Message[302] C:\USERS\DELL\DESKTOP\UNIVERSITY\LASTSUMMESTER\FINALREAL\MASTER\FIRST.ASM 390 : Register in operand not in bank 0.  Ensure that bank bits are correct.
Message[302] C:\USERS\DELL\DESKTOP\UNIVERSITY\LASTSUMMESTER\FINALREAL\MASTER\FIRST.ASM 393 : Register in operand not in bank 0.  Ensure that bank bits are correct.
Message[302] C:\USERS\DELL\DESKTOP\UNIVERSITY\LASTSUMMESTER\FINALREAL\MASTER\FIRST.ASM 394 : Register in operand not in bank 0.  Ensure that bank bits are correct.
Message[302] C:\USERS\DELL\DESKTOP\UNIVERSITY\LASTSUMMESTER\FINALREAL\MASTER\FIRST.ASM 416 : Register in operand not in bank 0.  Ensure that bank bits are correct.
Message[302] C:\USERS\DELL\DESKTOP\UNIVERSITY\LASTSUMMESTER\FINALREAL\MASTER\FIRST.ASM 419 : Register in operand not in bank 0.  Ensure that bank bits are correct.
Warning[207] C:\USERS\DELL\DESKTOP\UNIVERSITY\LASTSUMMESTER\FINALREAL\MASTER\FIRST.ASM 429 : Found label after column 1. (start2)
Warning[207] C:\USERS\DELL\DESKTOP\UNIVERSITY\LASTSUMMESTER\FINALREAL\MASTER\FIRST.ASM 512 : Found label after column 1. (loop3d)
Warning[207] C:\USERS\DELL\DESKTOP\UNIVERSITY\LASTSUMMESTER\FINALREAL\MASTER\FIRST.ASM 515 : Found label after column 1. (loop2d)
Warning[207] C:\USERS\DELL\DESKTOP\UNIVERSITY\LASTSUMMESTER\FINALREAL\MASTER\FIRST.ASM 518 : Found label after column 1. (loopd)
Warning[203] C:\USERS\DELL\DESKTOP\UNIVERSITY\LASTSUMMESTER\FINALREAL\MASTER\FIRST.ASM 527 : Found opcode in column 1. (return)
Warning[208] C:\USERS\DELL\DESKTOP\UNIVERSITY\LASTSUMMESTER\FINALREAL\MASTER\FIRST.ASM 558 : Label truncated at 32 characters. (receive_most_significant_digits_from_co_processor)
Warning[208] C:\USERS\DELL\DESKTOP\UNIVERSITY\LASTSUMMESTER\FINALREAL\MASTER\FIRST.ASM 567 : Label truncated at 32 characters. (receive_least_significant_digit_from_co_processor)
Warning[208] C:\USERS\DELL\DESKTOP\UNIVERSITY\LASTSUMMESTER\FINALREAL\MASTER\FIRST.ASM 586 : Label truncated at 32 characters. (send_first_number_to_co_processor)
Warning[208] C:\USERS\DELL\DESKTOP\UNIVERSITY\LASTSUMMESTER\FINALREAL\MASTER\FIRST.ASM 597 : Label truncated at 32 characters. (send_unit_digit_of_second_number_to_co_processor)
Warning[207] C:\USERS\DELL\DESKTOP\UNIVERSITY\LASTSUMMESTER\FINALREAL\MASTER\FIRST.ASM 759 : Found label after column 1. (loop3)
Warning[203] C:\USERS\DELL\DESKTOP\UNIVERSITY\LASTSUMMESTER\FINALREAL\MASTER\FIRST.ASM 763 : Found opcode in column 1. (RETURN)
Warning[207] C:\USERS\DELL\DESKTOP\UNIVERSITY\LASTSUMMESTER\FINALREAL\MASTER\FIRST.ASM 766 : Found label after column 1. (Combine)
Warning[203] C:\USERS\DELL\DESKTOP\UNIVERSITY\LASTSUMMESTER\FINALREAL\MASTER\FIRST.ASM 768 : Found opcode in column 1. (movf)
Warning[203] C:\USERS\DELL\DESKTOP\UNIVERSITY\LASTSUMMESTER\FINALREAL\MASTER\FIRST.ASM 769 : Found opcode in column 1. (movwf)
Warning[203] C:\USERS\DELL\DESKTOP\UNIVERSITY\LASTSUMMESTER\FINALREAL\MASTER\FIRST.ASM 772 : Found opcode in column 1. (swapf)
Warning[203] C:\USERS\DELL\DESKTOP\UNIVERSITY\LASTSUMMESTER\FINALREAL\MASTER\FIRST.ASM 773 : Found opcode in column 1. (movwf)
Warning[203] C:\USERS\DELL\DESKTOP\UNIVERSITY\LASTSUMMESTER\FINALREAL\MASTER\FIRST.ASM 775 : Found opcode in column 1. (movf)
Warning[203] C:\USERS\DELL\DESKTOP\UNIVERSITY\LASTSUMMESTER\FINALREAL\MASTER\FIRST.ASM 776 : Found opcode in column 1. (iorwf)
Warning[203] C:\USERS\DELL\DESKTOP\UNIVERSITY\LASTSUMMESTER\FINALREAL\MASTER\FIRST.ASM 779 : Found opcode in column 1. (return)
Message[305] C:\USERS\DELL\DESKTOP\UNIVERSITY\LASTSUMMESTER\FINALREAL\MASTER\FIRST.ASM 789 : Using default destination of 1 (file).
Message[305] C:\USERS\DELL\DESKTOP\UNIVERSITY\LASTSUMMESTER\FINALREAL\MASTER\FIRST.ASM 790 : Using default destination of 1 (file).
Message[305] C:\USERS\DELL\DESKTOP\UNIVERSITY\LASTSUMMESTER\FINALREAL\MASTER\FIRST.ASM 793 : Using default destination of 1 (file).
Message[305] C:\USERS\DELL\DESKTOP\UNIVERSITY\LASTSUMMESTER\FINALREAL\MASTER\FIRST.ASM 794 : Using default destination of 1 (file).
Message[305] C:\USERS\DELL\DESKTOP\UNIVERSITY\LASTSUMMESTER\FINALREAL\MASTER\FIRST.ASM 801 : Using default destination of 1 (file).
Message[305] C:\USERS\DELL\DESKTOP\UNIVERSITY\LASTSUMMESTER\FINALREAL\MASTER\FIRST.ASM 802 : Using default destination of 1 (file).
Message[305] C:\USERS\DELL\DESKTOP\UNIVERSITY\LASTSUMMESTER\FINALREAL\MASTER\FIRST.ASM 805 : Using default destination of 1 (file).
Message[305] C:\USERS\DELL\DESKTOP\UNIVERSITY\LASTSUMMESTER\FINALREAL\MASTER\FIRST.ASM 806 : Using default destination of 1 (file).
Message[305] C:\USERS\DELL\DESKTOP\UNIVERSITY\LASTSUMMESTER\FINALREAL\MASTER\FIRST.ASM 820 : Using default destination of 1 (file).
Message[305] C:\USERS\DELL\DESKTOP\UNIVERSITY\LASTSUMMESTER\FINALREAL\MASTER\FIRST.ASM 821 : Using default destination of 1 (file).
Message[305] C:\USERS\DELL\DESKTOP\UNIVERSITY\LASTSUMMESTER\FINALREAL\MASTER\FIRST.ASM 822 : Using default destination of 1 (file).
Message[305] C:\USERS\DELL\DESKTOP\UNIVERSITY\LASTSUMMESTER\FINALREAL\MASTER\FIRST.ASM 823 : Using default destination of 1 (file).
Warning[203] C:\USERS\DELL\DESKTOP\UNIVERSITY\LASTSUMMESTER\FINALREAL\MASTER\FIRST.ASM 833 : Found opcode in column 1. (RETURN)
Message[305] C:\USERS\DELL\DESKTOP\UNIVERSITY\LASTSUMMESTER\FINALREAL\MASTER\LCDIS.INC 26 : Using default destination of 1 (file).
Message[305] C:\USERS\DELL\DESKTOP\UNIVERSITY\LASTSUMMESTER\FINALREAL\MASTER\LCDIS.INC 36 : Using default destination of 1 (file).
Message[305] C:\USERS\DELL\DESKTOP\UNIVERSITY\LASTSUMMESTER\FINALREAL\MASTER\LCDIS.INC 61 : Using default destination of 1 (file).
